<?xml version="1.0" encoding="UTF-8"?>
<!-- Generated by org.testng.reporters.JUnitXMLReporter -->
<testsuite ignored="0" hostname="Vishals-Mac-mini.local" failures="0" tests="2" name="Default test" time="0.094" errors="0" timestamp="2023-02-15T11:10:25 IST">
  <testcase classname="Utility.Base_class" name="@BeforeMethod bowser_open" time="-1.676439625862E9">
    <failure type="org.testng.TestNGException" message="
Parameter &amp;apos;Browser_name&amp;apos; is required by BeforeMethod on method bowser_open but has not been marked @Optional or defined
in /private/var/folders/yr/gd6dlz6x2_j9r4b8wpdzk5x40000gn/T/testng-eclipse--260454317/testng-customsuite.xml">
      <![CDATA[org.testng.TestNGException: 
Parameter 'Browser_name' is required by BeforeMethod on method bowser_open but has not been marked @Optional or defined
in /private/var/folders/yr/gd6dlz6x2_j9r4b8wpdzk5x40000gn/T/testng-eclipse--260454317/testng-customsuite.xml
at org.testng.internal.Parameters.createParams(Parameters.java:270)
at org.testng.internal.Parameters.createParametersForMethod(Parameters.java:358)
at org.testng.internal.Parameters.createParameters(Parameters.java:700)
at org.testng.internal.Parameters.createConfigurationParameters(Parameters.java:168)
at org.testng.internal.ConfigInvoker.invokeConfigurations(ConfigInvoker.java:302)
at org.testng.internal.TestInvoker.runConfigMethods(TestInvoker.java:700)
at org.testng.internal.TestInvoker.invokeMethod(TestInvoker.java:527)
at org.testng.internal.TestInvoker.invokeTestMethod(TestInvoker.java:173)
at org.testng.internal.MethodRunner.runInSequence(MethodRunner.java:46)
at org.testng.internal.TestInvoker$MethodInvocationAgent.invoke(TestInvoker.java:824)
at org.testng.internal.TestInvoker.invokeTestMethods(TestInvoker.java:146)
at org.testng.internal.TestMethodWorker.invokeTestMethods(TestMethodWorker.java:146)
at org.testng.internal.TestMethodWorker.run(TestMethodWorker.java:128)
at java.base/java.util.ArrayList.forEach(ArrayList.java:1511)
at org.testng.TestRunner.privateRun(TestRunner.java:794)
at org.testng.TestRunner.run(TestRunner.java:596)
at org.testng.SuiteRunner.runTest(SuiteRunner.java:377)
at org.testng.SuiteRunner.runSequentially(SuiteRunner.java:371)
at org.testng.SuiteRunner.privateRun(SuiteRunner.java:332)
at org.testng.SuiteRunner.run(SuiteRunner.java:276)
at org.testng.SuiteRunnerWorker.runSuite(SuiteRunnerWorker.java:53)
at org.testng.SuiteRunnerWorker.run(SuiteRunnerWorker.java:96)
at org.testng.TestNG.runSuitesSequentially(TestNG.java:1212)
at org.testng.TestNG.runSuitesLocally(TestNG.java:1134)
at org.testng.TestNG.runSuites(TestNG.java:1063)
at org.testng.TestNG.run(TestNG.java:1031)
at org.testng.remote.AbstractRemoteTestNG.run(AbstractRemoteTestNG.java:115)
at org.testng.remote.RemoteTestNG.initAndRun(RemoteTestNG.java:251)
at org.testng.remote.RemoteTestNG.main(RemoteTestNG.java:77)
]]>
    </failure>
  </testcase> <!-- @BeforeMethod bowser_open -->
  <testcase classname="Utility.Base_class" name="@AfterMethod tear_down_browser" time="-1.676439625891E9">
    <skipped/>
  </testcase> <!-- @AfterMethod tear_down_browser -->
  <testcase classname="Utility.Base_class" name="@BeforeMethod bowser_open" time="-1.676439625895E9">
    <skipped/>
  </testcase> <!-- @BeforeMethod bowser_open -->
  <testcase classname="Utility.Base_class" name="@AfterMethod tear_down_browser" time="-1.676439625908E9">
    <skipped/>
  </testcase> <!-- @AfterMethod tear_down_browser -->
  <testcase classname="Test_login.test1" name="verify_log_in" time="0.0">
    <skipped/>
  </testcase> <!-- verify_log_in -->
  <testcase classname="Test_login.test1" name="verify_log_in_invalid" time="0.0">
    <skipped/>
  </testcase> <!-- verify_log_in_invalid -->
</testsuite> <!-- Default test -->
